Build started 4/25/2013 5:24:38 PM.
     1>Project "C:\Users\ridds_03\Documents\Visual Studio 2012\Projects\ExtraCredit\ExtraCredit\ExtraCredit.vcxproj" on node 2 (Build target(s)).
     1>ClCompile:
         C:\Program Files (x86)\Microsoft Visual Studio 11.0\VC\bin\CL.exe /c /I"D:\Apps\SFML_C11\LaurentGomila-SFML-86897a8\include" /Zi /nologo /W3 /WX- /sdl /O2 /Oi /Oy- /GL /D _MBCS /Gm- /EHsc /MD /GS /Gy /fp:precise /Zc:wchar_t /Zc:forScope /Fo"Release\\" /Fd"Release\vc110.pdb" /Gd /TP /analyze- /errorReport:prompt Game.cpp
         Game.cpp
     1>Game.cpp(115): warning C4244: 'initializing' : conversion from 'double' to 'int', possible loss of data
     1>Game.cpp(143): warning C4244: 'initializing' : conversion from 'double' to 'int', possible loss of data
       Link:
         C:\Program Files (x86)\Microsoft Visual Studio 11.0\VC\bin\link.exe /ERRORREPORT:PROMPT /OUT:"C:\Users\ridds_03\Documents\Visual Studio 2012\Projects\ExtraCredit\Release\ExtraCredit.exe" /NOLOGO /LIBPATH:D:\Apps\SFML_C11\Build\lib\Release "sfml-graphics.lib" "sfml-window.lib" "sfml-system.lib" kernel32.lib user32.lib gdi32.lib winspool.lib comdlg32.lib advapi32.lib shell32.lib ole32.lib oleaut32.lib uuid.lib odbc32.lib odbccp32.lib /MANIFEST /MANIFESTUAC:"level='asInvoker' uiAccess='false'" /manifest:embed /DEBUG /PDB:"C:\Users\ridds_03\Documents\Visual Studio 2012\Projects\ExtraCredit\Release\ExtraCredit.pdb" /OPT:REF /OPT:ICF /LTCG /TLBID:1 /DYNAMICBASE /NXCOMPAT /IMPLIB:"C:\Users\ridds_03\Documents\Visual Studio 2012\Projects\ExtraCredit\Release\ExtraCredit.lib" /MACHINE:X86 /SAFESEH Release\Actor.obj
         Release\Dodo.obj
         Release\Fox.obj
         Release\Game.obj
         Release\Hunter.obj
         Release\Main.obj
         Generating code
         Finished generating code
         ExtraCredit.vcxproj -> C:\Users\ridds_03\Documents\Visual Studio 2012\Projects\ExtraCredit\Release\ExtraCredit.exe
     1>Done Building Project "C:\Users\ridds_03\Documents\Visual Studio 2012\Projects\ExtraCredit\ExtraCredit\ExtraCredit.vcxproj" (Build target(s)).

Build succeeded.

Time Elapsed 00:00:01.65
